Using pre-set license
Built from '2020.3/staging' branch; Version is '2020.3.10f1 (297d780c91bc) revision 2719096'; Using compiler version '192528614'; Build Type 'Release'
OS: 'Windows 10 Pro; OS build 19042.985; Version 2009; 64bit' Language: 'en' Physical Memory: 8139 MB
BatchMode: 1, IsHumanControllingUs: 0, StartBugReporterOnCrash: 0, Is64bit: 1, IsPro: 0

 COMMAND LINE ARGUMENTS:
C:\Program Files\2020.3.10f1\Editor\Unity.exe
-adb2
-batchMode
-noUpm
-name
AssetImportWorker0
-projectPath
C:/Users/Arajin/Documents/Unity Projects/BrencoUnityChallenge
-logFile
Logs/AssetImportWorker0.log
-srvPort
63130
Successfully changed project path to: C:/Users/Arajin/Documents/Unity Projects/BrencoUnityChallenge
C:/Users/Arajin/Documents/Unity Projects/BrencoUnityChallenge
Using Asset Import Pipeline V2.
Refreshing native plugins compatible for Editor in 80.92 ms, found 3 plugins.
Preloading 0 native plugins for Editor in 0.00 ms.
Initialize engine version: 2020.3.10f1 (297d780c91bc)
[Subsystems] Discovering subsystems at path C:/Program Files/2020.3.10f1/Editor/Data/Resources/UnitySubsystems
[Subsystems] Discovering subsystems at path C:/Users/Arajin/Documents/Unity Projects/BrencoUnityChallenge/Assets
GfxDevice: creating device client; threaded=0
Direct3D:
    Version:  Direct3D 11.0 [level 11.1]
    Renderer: NVIDIA GeForce GTX 1060 6GB (ID=0x1c03)
    Vendor:   
    VRAM:     6052 MB
    Driver:   26.21.14.4201
Shader 'Universal Render Pipeline/Particles/Lit': fallback shader 'Universal Render Pipeline/Particles/SimpleLit' not found
Initialize mono
Mono path[0] = 'C:/Program Files/2020.3.10f1/Editor/Data/Managed'
Mono path[1] = 'C:/Program Files/2020.3.10f1/Editor/Data/MonoBleedingEdge/lib/mono/unityjit'
Mono config path = 'C:/Program Files/2020.3.10f1/Editor/Data/MonoBleedingEdge/etc'
Using monoOptions --debugger-agent=transport=dt_socket,embedding=1,server=y,suspend=n,address=127.0.0.1:56704
Begin MonoManager ReloadAssembly
Registering precompiled unity dll's ...
Register platform support module: C:/Program Files/2020.3.10f1/Editor/Data/PlaybackEngines/WindowsStandaloneSupport/UnityEditor.WindowsStandalone.Extensions.dll
Registered in 0.002493 seconds.
Native extension for WindowsStandalone target not found
Refreshing native plugins compatible for Editor in 76.21 ms, found 3 plugins.
Preloading 0 native plugins for Editor in 0.00 ms.
Mono: successfully reloaded assembly
- Completed reload, in  2.335 seconds
Platform modules already initialized, skipping
Registering precompiled user dll's ...
Registered in 0.007191 seconds.
Begin MonoManager ReloadAssembly
Native extension for WindowsStandalone target not found
Refreshing native plugins compatible for Editor in 74.40 ms, found 3 plugins.
Preloading 0 native plugins for Editor in 0.00 ms.
Mono: successfully reloaded assembly
- Completed reload, in  1.489 seconds
Platform modules already initialized, skipping
========================================================================
Worker process is ready to serve import requests
Shader 'Universal Render Pipeline/Particles/Lit': fallback shader 'Universal Render Pipeline/Particles/SimpleLit' not found
Launched and connected shader compiler UnityShaderCompiler.exe after 0.05 seconds
Refreshing native plugins compatible for Editor in 0.72 ms, found 3 plugins.
Preloading 0 native plugins for Editor in 0.00 ms.
Unloading 3243 Unused Serialized files (Serialized files now loaded: 0)
System memory in use before: 155.4 MB.
System memory in use after: 155.4 MB.

Unloading 33 unused Assets to reduce memory usage. Loaded Objects now: 3696.
Total: 3.932200 ms (FindLiveObjects: 0.432800 ms CreateObjectMapping: 0.249400 ms MarkObjects: 3.091400 ms  DeleteObjects: 0.157500 ms)

========================================================================
Received Import Request.
  path: Assets/Prefabs/Enemy.prefab
  artifactKey: Guid(88f06f2029876244da622b0fdd9d18a2) Importer(815301076,1909f56bfc062723c751e8b465ee728b)
Start importing Assets/Prefabs/Enemy.prefab using Guid(88f06f2029876244da622b0fdd9d18a2) Importer(815301076,1909f56bfc062723c751e8b465ee728b)  -> (artifact id: '0753b4d347f6f18b512a722e1b320d82') in 1.088524 seconds
  Import took 1.097228 seconds .

========================================================================
Received Import Request.
  Time since last request: 15.917892 seconds.
  path: Assets/Prefabs/Enemy.prefab
  artifactKey: Guid(88f06f2029876244da622b0fdd9d18a2) Importer(815301076,1909f56bfc062723c751e8b465ee728b)
Start importing Assets/Prefabs/Enemy.prefab using Guid(88f06f2029876244da622b0fdd9d18a2) Importer(815301076,1909f56bfc062723c751e8b465ee728b)  -> (artifact id: '310d291cbd8444fcdafc6c4f49bc4477') in 0.027755 seconds
  Import took 0.034619 seconds .

========================================================================
Received Import Request.
  Time since last request: 24.172027 seconds.
  path: Assets/Prefabs/Enemy.prefab
  artifactKey: Guid(88f06f2029876244da622b0fdd9d18a2) Importer(815301076,1909f56bfc062723c751e8b465ee728b)
Start importing Assets/Prefabs/Enemy.prefab using Guid(88f06f2029876244da622b0fdd9d18a2) Importer(815301076,1909f56bfc062723c751e8b465ee728b)  -> (artifact id: '2d193ac5884e2d802632b1df8e16259f') in 0.025228 seconds
  Import took 0.032921 seconds .

========================================================================
Received Import Request.
  Time since last request: 8.916079 seconds.
  path: Assets/Prefabs/Enemy.prefab
  artifactKey: Guid(88f06f2029876244da622b0fdd9d18a2) Importer(815301076,1909f56bfc062723c751e8b465ee728b)
Start importing Assets/Prefabs/Enemy.prefab using Guid(88f06f2029876244da622b0fdd9d18a2) Importer(815301076,1909f56bfc062723c751e8b465ee728b)  -> (artifact id: 'a040fa3f585cd220f0b0d4e8f44bc053') in 0.027500 seconds
  Import took 0.038075 seconds .

========================================================================
Received Import Request.
  Time since last request: 4.287616 seconds.
  path: Assets/Prefabs/Enemy.prefab
  artifactKey: Guid(88f06f2029876244da622b0fdd9d18a2) Importer(815301076,1909f56bfc062723c751e8b465ee728b)
Start importing Assets/Prefabs/Enemy.prefab using Guid(88f06f2029876244da622b0fdd9d18a2) Importer(815301076,1909f56bfc062723c751e8b465ee728b)  -> (artifact id: '268026d76be27220a289e850fb71c5f7') in 0.023317 seconds
  Import took 0.035839 seconds .

========================================================================
Received Prepare
Shader 'Universal Render Pipeline/Particles/Lit': fallback shader 'Universal Render Pipeline/Particles/SimpleLit' not found
Refreshing native plugins compatible for Editor in 4.94 ms, found 3 plugins.
Preloading 0 native plugins for Editor in 0.00 ms.
Unloading 20 Unused Serialized files (Serialized files now loaded: 0)
System memory in use before: 90.6 MB.
System memory in use after: 90.7 MB.

Unloading 20 unused Assets to reduce memory usage. Loaded Objects now: 3762.
Total: 4.902100 ms (FindLiveObjects: 0.352700 ms CreateObjectMapping: 0.188100 ms MarkObjects: 4.222300 ms  DeleteObjects: 0.137800 ms)

========================================================================
Received Prepare
Registering precompiled user dll's ...
Registered in 0.005997 seconds.
Begin MonoManager ReloadAssembly
Native extension for WindowsStandalone target not found
Refreshing native plugins compatible for Editor in 0.68 ms, found 3 plugins.
Preloading 0 native plugins for Editor in 0.00 ms.
Mono: successfully reloaded assembly
- Completed reload, in  1.447 seconds
Platform modules already initialized, skipping
Shader 'Universal Render Pipeline/Particles/Lit': fallback shader 'Universal Render Pipeline/Particles/SimpleLit' not found
Refreshing native plugins compatible for Editor in 0.73 ms, found 3 plugins.
Preloading 0 native plugins for Editor in 0.00 ms.
Unloading 3120 Unused Serialized files (Serialized files now loaded: 0)
System memory in use before: 152.2 MB.
System memory in use after: 152.3 MB.

Unloading 22 unused Assets to reduce memory usage. Loaded Objects now: 3745.
Total: 3.113200 ms (FindLiveObjects: 0.340800 ms CreateObjectMapping: 0.175200 ms MarkObjects: 2.476400 ms  DeleteObjects: 0.120000 ms)

========================================================================
Received Import Request.
  Time since last request: 1374.859184 seconds.
  path: Assets/Prefabs/Enemy.prefab
  artifactKey: Guid(88f06f2029876244da622b0fdd9d18a2) Importer(815301076,1909f56bfc062723c751e8b465ee728b)
Start importing Assets/Prefabs/Enemy.prefab using Guid(88f06f2029876244da622b0fdd9d18a2) Importer(815301076,1909f56bfc062723c751e8b465ee728b)  -> (artifact id: '37fab34d4757395b67f1deb1d09a117f') in 0.230656 seconds
  Import took 0.240156 seconds .

========================================================================
Received Import Request.
  Time since last request: 4.370597 seconds.
  path: Assets/Prefabs/Enemy.prefab
  artifactKey: Guid(88f06f2029876244da622b0fdd9d18a2) Importer(815301076,1909f56bfc062723c751e8b465ee728b)
Start importing Assets/Prefabs/Enemy.prefab using Guid(88f06f2029876244da622b0fdd9d18a2) Importer(815301076,1909f56bfc062723c751e8b465ee728b)  -> (artifact id: '23e99357f23b17b5dd0b9c4035153792') in 0.020909 seconds
  Import took 0.032219 seconds .

========================================================================
Received Import Request.
  Time since last request: 17.982572 seconds.
  path: Assets/Prefabs/Enemy.prefab
  artifactKey: Guid(88f06f2029876244da622b0fdd9d18a2) Importer(815301076,1909f56bfc062723c751e8b465ee728b)
Start importing Assets/Prefabs/Enemy.prefab using Guid(88f06f2029876244da622b0fdd9d18a2) Importer(815301076,1909f56bfc062723c751e8b465ee728b)  -> (artifact id: '7f5a3f5784e0fb4442aa6a1abef8999a') in 0.021785 seconds
  Import took 0.030668 seconds .

========================================================================
Received Import Request.
  Time since last request: 20.988651 seconds.
  path: Assets/Prefabs/Enemy.prefab
  artifactKey: Guid(88f06f2029876244da622b0fdd9d18a2) Importer(815301076,1909f56bfc062723c751e8b465ee728b)
Start importing Assets/Prefabs/Enemy.prefab using Guid(88f06f2029876244da622b0fdd9d18a2) Importer(815301076,1909f56bfc062723c751e8b465ee728b)  -> (artifact id: 'a2fadbb2514dc36cfa7230c7a647555b') in 0.032015 seconds
  Import took 0.051177 seconds .

========================================================================
Received Import Request.
  Time since last request: 2.158663 seconds.
  path: Assets/Prefabs/Enemy.prefab
  artifactKey: Guid(88f06f2029876244da622b0fdd9d18a2) Importer(815301076,1909f56bfc062723c751e8b465ee728b)
Start importing Assets/Prefabs/Enemy.prefab using Guid(88f06f2029876244da622b0fdd9d18a2) Importer(815301076,1909f56bfc062723c751e8b465ee728b)  -> (artifact id: 'f174ff2f6afc79a59cf516b8ac308841') in 0.019954 seconds
  Import took 0.032483 seconds .

========================================================================
Received Import Request.
  Time since last request: 8.337635 seconds.
  path: Assets/Prefabs/Enemy.prefab
  artifactKey: Guid(88f06f2029876244da622b0fdd9d18a2) Importer(815301076,1909f56bfc062723c751e8b465ee728b)
Start importing Assets/Prefabs/Enemy.prefab using Guid(88f06f2029876244da622b0fdd9d18a2) Importer(815301076,1909f56bfc062723c751e8b465ee728b)  -> (artifact id: '6f26319736186e2327a383e8c3b0032b') in 0.022076 seconds
  Import took 0.031329 seconds .

========================================================================
Received Import Request.
  Time since last request: 2.771108 seconds.
  path: Assets/Prefabs/Enemy.prefab
  artifactKey: Guid(88f06f2029876244da622b0fdd9d18a2) Importer(815301076,1909f56bfc062723c751e8b465ee728b)
Start importing Assets/Prefabs/Enemy.prefab using Guid(88f06f2029876244da622b0fdd9d18a2) Importer(815301076,1909f56bfc062723c751e8b465ee728b)  -> (artifact id: '01e25390a80b481b78427fd40f15232d') in 0.020370 seconds
  Import took 0.030534 seconds .

========================================================================
Received Prepare
Registering precompiled user dll's ...
Registered in 0.006156 seconds.
Begin MonoManager ReloadAssembly
Native extension for WindowsStandalone target not found
Refreshing native plugins compatible for Editor in 0.76 ms, found 3 plugins.
Preloading 0 native plugins for Editor in 0.00 ms.
Mono: successfully reloaded assembly
- Completed reload, in  1.348 seconds
Platform modules already initialized, skipping
Shader 'Universal Render Pipeline/Particles/Lit': fallback shader 'Universal Render Pipeline/Particles/SimpleLit' not found
Refreshing native plugins compatible for Editor in 0.76 ms, found 3 plugins.
Preloading 0 native plugins for Editor in 0.00 ms.
Unloading 3120 Unused Serialized files (Serialized files now loaded: 0)
System memory in use before: 152.4 MB.
System memory in use after: 152.5 MB.

Unloading 22 unused Assets to reduce memory usage. Loaded Objects now: 3785.
Total: 3.404800 ms (FindLiveObjects: 0.448900 ms CreateObjectMapping: 0.164200 ms MarkObjects: 2.663400 ms  DeleteObjects: 0.126400 ms)

========================================================================
Received Prepare
Registering precompiled user dll's ...
Registered in 0.005859 seconds.
Begin MonoManager ReloadAssembly
Native extension for WindowsStandalone target not found
Refreshing native plugins compatible for Editor in 0.76 ms, found 3 plugins.
Preloading 0 native plugins for Editor in 0.00 ms.
Mono: successfully reloaded assembly
- Completed reload, in  1.417 seconds
Platform modules already initialized, skipping
Shader 'Universal Render Pipeline/Particles/Lit': fallback shader 'Universal Render Pipeline/Particles/SimpleLit' not found
Refreshing native plugins compatible for Editor in 0.69 ms, found 3 plugins.
Preloading 0 native plugins for Editor in 0.00 ms.
Unloading 3120 Unused Serialized files (Serialized files now loaded: 0)
System memory in use before: 152.4 MB.
System memory in use after: 152.5 MB.

Unloading 22 unused Assets to reduce memory usage. Loaded Objects now: 3789.
Total: 3.476300 ms (FindLiveObjects: 0.363000 ms CreateObjectMapping: 0.197500 ms MarkObjects: 2.783600 ms  DeleteObjects: 0.131100 ms)

========================================================================
Received Prepare
Registering precompiled user dll's ...
Registered in 0.005964 seconds.
Begin MonoManager ReloadAssembly
Native extension for WindowsStandalone target not found
Refreshing native plugins compatible for Editor in 0.73 ms, found 3 plugins.
Preloading 0 native plugins for Editor in 0.00 ms.
Mono: successfully reloaded assembly
- Completed reload, in  1.327 seconds
Platform modules already initialized, skipping
Shader 'Universal Render Pipeline/Particles/Lit': fallback shader 'Universal Render Pipeline/Particles/SimpleLit' not found
Refreshing native plugins compatible for Editor in 0.73 ms, found 3 plugins.
Preloading 0 native plugins for Editor in 0.00 ms.
Unloading 3120 Unused Serialized files (Serialized files now loaded: 0)
System memory in use before: 152.4 MB.
System memory in use after: 152.5 MB.

Unloading 22 unused Assets to reduce memory usage. Loaded Objects now: 3793.
Total: 3.534500 ms (FindLiveObjects: 0.408900 ms CreateObjectMapping: 0.216900 ms MarkObjects: 2.772900 ms  DeleteObjects: 0.134300 ms)

========================================================================
Received Prepare
Registering precompiled user dll's ...
Registered in 0.006262 seconds.
Begin MonoManager ReloadAssembly
Native extension for WindowsStandalone target not found
Refreshing native plugins compatible for Editor in 0.79 ms, found 3 plugins.
Preloading 0 native plugins for Editor in 0.00 ms.
Mono: successfully reloaded assembly
- Completed reload, in  1.421 seconds
Platform modules already initialized, skipping
Shader 'Universal Render Pipeline/Particles/Lit': fallback shader 'Universal Render Pipeline/Particles/SimpleLit' not found
Refreshing native plugins compatible for Editor in 0.69 ms, found 3 plugins.
Preloading 0 native plugins for Editor in 0.00 ms.
Unloading 3120 Unused Serialized files (Serialized files now loaded: 0)
System memory in use before: 152.5 MB.
System memory in use after: 152.6 MB.

Unloading 22 unused Assets to reduce memory usage. Loaded Objects now: 3797.
Total: 3.130700 ms (FindLiveObjects: 0.341100 ms CreateObjectMapping: 0.175700 ms MarkObjects: 2.484100 ms  DeleteObjects: 0.128600 ms)

========================================================================
Received Prepare
Registering precompiled user dll's ...
Registered in 0.006145 seconds.
Begin MonoManager ReloadAssembly
Native extension for WindowsStandalone target not found
Refreshing native plugins compatible for Editor in 0.70 ms, found 3 plugins.
Preloading 0 native plugins for Editor in 0.00 ms.
Mono: successfully reloaded assembly
- Completed reload, in  1.323 seconds
Platform modules already initialized, skipping
Shader 'Universal Render Pipeline/Particles/Lit': fallback shader 'Universal Render Pipeline/Particles/SimpleLit' not found
Refreshing native plugins compatible for Editor in 0.79 ms, found 3 plugins.
Preloading 0 native plugins for Editor in 0.00 ms.
Unloading 3120 Unused Serialized files (Serialized files now loaded: 0)
System memory in use before: 152.5 MB.
System memory in use after: 152.6 MB.

Unloading 22 unused Assets to reduce memory usage. Loaded Objects now: 3801.
Total: 3.253100 ms (FindLiveObjects: 0.336200 ms CreateObjectMapping: 0.173300 ms MarkObjects: 2.608700 ms  DeleteObjects: 0.133700 ms)

========================================================================
Received Import Request.
  Time since last request: 329.825661 seconds.
  path: ProjectSettings/TagManager.asset
  artifactKey: Guid(00000000000000003000000000000000) Importer(815301076,1909f56bfc062723c751e8b465ee728b)
Start importing ProjectSettings/TagManager.asset using Guid(00000000000000003000000000000000) Importer(815301076,1909f56bfc062723c751e8b465ee728b)  -> (artifact id: 'b25519c9abb7c12059b002e0173fd8cf') in 0.055228 seconds
  Import took 0.062737 seconds .

========================================================================
Received Prepare
Registering precompiled user dll's ...
Registered in 0.006051 seconds.
Begin MonoManager ReloadAssembly
Native extension for WindowsStandalone target not found
Refreshing native plugins compatible for Editor in 0.73 ms, found 3 plugins.
Preloading 0 native plugins for Editor in 0.00 ms.
Mono: successfully reloaded assembly
- Completed reload, in  1.358 seconds
Platform modules already initialized, skipping
Shader 'Universal Render Pipeline/Particles/Lit': fallback shader 'Universal Render Pipeline/Particles/SimpleLit' not found
Refreshing native plugins compatible for Editor in 0.70 ms, found 3 plugins.
Preloading 0 native plugins for Editor in 0.00 ms.
Unloading 3120 Unused Serialized files (Serialized files now loaded: 0)
System memory in use before: 152.5 MB.
System memory in use after: 152.6 MB.

Unloading 23 unused Assets to reduce memory usage. Loaded Objects now: 3805.
Total: 3.279700 ms (FindLiveObjects: 0.356400 ms CreateObjectMapping: 0.178000 ms MarkObjects: 2.611900 ms  DeleteObjects: 0.132100 ms)

========================================================================
Received Prepare
Registering precompiled user dll's ...
Registered in 0.005857 seconds.
Begin MonoManager ReloadAssembly
Native extension for WindowsStandalone target not found
Refreshing native plugins compatible for Editor in 0.72 ms, found 3 plugins.
Preloading 0 native plugins for Editor in 0.00 ms.
Mono: successfully reloaded assembly
- Completed reload, in  1.321 seconds
Platform modules already initialized, skipping
Shader 'Universal Render Pipeline/Particles/Lit': fallback shader 'Universal Render Pipeline/Particles/SimpleLit' not found
Refreshing native plugins compatible for Editor in 0.71 ms, found 3 plugins.
Preloading 0 native plugins for Editor in 0.00 ms.
Unloading 3120 Unused Serialized files (Serialized files now loaded: 0)
System memory in use before: 152.5 MB.
System memory in use after: 152.6 MB.

Unloading 22 unused Assets to reduce memory usage. Loaded Objects now: 3809.
Total: 5.442300 ms (FindLiveObjects: 0.423700 ms CreateObjectMapping: 0.246900 ms MarkObjects: 4.607300 ms  DeleteObjects: 0.162900 ms)

========================================================================
Received Prepare
Registering precompiled user dll's ...
Registered in 0.005810 seconds.
Begin MonoManager ReloadAssembly
Native extension for WindowsStandalone target not found
Refreshing native plugins compatible for Editor in 0.71 ms, found 3 plugins.
Preloading 0 native plugins for Editor in 0.00 ms.
Mono: successfully reloaded assembly
- Completed reload, in  1.361 seconds
Platform modules already initialized, skipping
Shader 'Universal Render Pipeline/Particles/Lit': fallback shader 'Universal Render Pipeline/Particles/SimpleLit' not found
Refreshing native plugins compatible for Editor in 0.71 ms, found 3 plugins.
Preloading 0 native plugins for Editor in 0.00 ms.
Unloading 3120 Unused Serialized files (Serialized files now loaded: 0)
System memory in use before: 152.5 MB.
System memory in use after: 152.6 MB.

Unloading 22 unused Assets to reduce memory usage. Loaded Objects now: 3813.
Total: 3.297000 ms (FindLiveObjects: 0.372900 ms CreateObjectMapping: 0.187200 ms MarkObjects: 2.601100 ms  DeleteObjects: 0.134800 ms)

========================================================================
Received Prepare
Registering precompiled user dll's ...
Registered in 0.006277 seconds.
Begin MonoManager ReloadAssembly
Native extension for WindowsStandalone target not found
Refreshing native plugins compatible for Editor in 0.82 ms, found 3 plugins.
Preloading 0 native plugins for Editor in 0.00 ms.
Mono: successfully reloaded assembly
- Completed reload, in  1.303 seconds
Platform modules already initialized, skipping
Shader 'Universal Render Pipeline/Particles/Lit': fallback shader 'Universal Render Pipeline/Particles/SimpleLit' not found
Refreshing native plugins compatible for Editor in 0.70 ms, found 3 plugins.
Preloading 0 native plugins for Editor in 0.00 ms.
Unloading 3120 Unused Serialized files (Serialized files now loaded: 0)
System memory in use before: 152.5 MB.
System memory in use after: 152.6 MB.

Unloading 22 unused Assets to reduce memory usage. Loaded Objects now: 3817.
Total: 3.467800 ms (FindLiveObjects: 0.397300 ms CreateObjectMapping: 0.186700 ms MarkObjects: 2.749500 ms  DeleteObjects: 0.132900 ms)

========================================================================
Received Import Request.
  Time since last request: 183.031694 seconds.
  path: Assets/Prefabs/Enemy.prefab
  artifactKey: Guid(88f06f2029876244da622b0fdd9d18a2) Importer(815301076,1909f56bfc062723c751e8b465ee728b)
Start importing Assets/Prefabs/Enemy.prefab using Guid(88f06f2029876244da622b0fdd9d18a2) Importer(815301076,1909f56bfc062723c751e8b465ee728b)  -> (artifact id: 'fb391697589c7dc8ef6d6d8322d4b2cc') in 0.215956 seconds
  Import took 0.224966 seconds .

========================================================================
Received Import Request.
  Time since last request: 5.677631 seconds.
  path: Assets/Prefabs/Enemy.prefab
  artifactKey: Guid(88f06f2029876244da622b0fdd9d18a2) Importer(815301076,1909f56bfc062723c751e8b465ee728b)
Start importing Assets/Prefabs/Enemy.prefab using Guid(88f06f2029876244da622b0fdd9d18a2) Importer(815301076,1909f56bfc062723c751e8b465ee728b)  -> (artifact id: '55b49b0db2cf59bc12852e35e307fe5b') in 0.024209 seconds
  Import took 0.032682 seconds .

========================================================================
Received Prepare
Registering precompiled user dll's ...
Registered in 0.005852 seconds.
Begin MonoManager ReloadAssembly
Native extension for WindowsStandalone target not found
Refreshing native plugins compatible for Editor in 0.90 ms, found 3 plugins.
Preloading 0 native plugins for Editor in 0.00 ms.
Mono: successfully reloaded assembly
- Completed reload, in  1.432 seconds
Platform modules already initialized, skipping
Shader 'Universal Render Pipeline/Particles/Lit': fallback shader 'Universal Render Pipeline/Particles/SimpleLit' not found
Refreshing native plugins compatible for Editor in 0.69 ms, found 3 plugins.
Preloading 0 native plugins for Editor in 0.00 ms.
Unloading 3120 Unused Serialized files (Serialized files now loaded: 0)
System memory in use before: 152.6 MB.
System memory in use after: 152.7 MB.

Unloading 22 unused Assets to reduce memory usage. Loaded Objects now: 3857.
Total: 3.632700 ms (FindLiveObjects: 0.370000 ms CreateObjectMapping: 0.191600 ms MarkObjects: 2.934000 ms  DeleteObjects: 0.136000 ms)

========================================================================
Received Import Request.
  Time since last request: 79.311453 seconds.
  path: Assets/Prefabs/Enemy.prefab
  artifactKey: Guid(88f06f2029876244da622b0fdd9d18a2) Importer(815301076,1909f56bfc062723c751e8b465ee728b)
Start importing Assets/Prefabs/Enemy.prefab using Guid(88f06f2029876244da622b0fdd9d18a2) Importer(815301076,1909f56bfc062723c751e8b465ee728b)  -> (artifact id: 'c456c40500a44d63535a20daf7deb3d8') in 0.179042 seconds
  Import took 0.186353 seconds .

========================================================================
Received Prepare
Registering precompiled user dll's ...
Registered in 0.005957 seconds.
Begin MonoManager ReloadAssembly
Native extension for WindowsStandalone target not found
Refreshing native plugins compatible for Editor in 0.70 ms, found 3 plugins.
Preloading 0 native plugins for Editor in 0.00 ms.
Mono: successfully reloaded assembly
- Completed reload, in  1.322 seconds
Platform modules already initialized, skipping
Shader 'Universal Render Pipeline/Particles/Lit': fallback shader 'Universal Render Pipeline/Particles/SimpleLit' not found
Refreshing native plugins compatible for Editor in 0.72 ms, found 3 plugins.
Preloading 0 native plugins for Editor in 0.00 ms.
Unloading 3120 Unused Serialized files (Serialized files now loaded: 0)
System memory in use before: 152.8 MB.
System memory in use after: 152.9 MB.

Unloading 22 unused Assets to reduce memory usage. Loaded Objects now: 3897.
Total: 3.609300 ms (FindLiveObjects: 0.373900 ms CreateObjectMapping: 0.198300 ms MarkObjects: 2.890300 ms  DeleteObjects: 0.145400 ms)

========================================================================
Received Prepare
Registering precompiled user dll's ...
Registered in 0.005848 seconds.
Begin MonoManager ReloadAssembly
Native extension for WindowsStandalone target not found
Refreshing native plugins compatible for Editor in 0.75 ms, found 3 plugins.
Preloading 0 native plugins for Editor in 0.00 ms.
Mono: successfully reloaded assembly
- Completed reload, in  1.326 seconds
Platform modules already initialized, skipping
Shader 'Universal Render Pipeline/Particles/Lit': fallback shader 'Universal Render Pipeline/Particles/SimpleLit' not found
Refreshing native plugins compatible for Editor in 0.73 ms, found 3 plugins.
Preloading 0 native plugins for Editor in 0.00 ms.
Unloading 3120 Unused Serialized files (Serialized files now loaded: 0)
System memory in use before: 153.0 MB.
System memory in use after: 153.1 MB.

Unloading 22 unused Assets to reduce memory usage. Loaded Objects now: 3901.
Total: 4.173400 ms (FindLiveObjects: 0.387400 ms CreateObjectMapping: 0.216500 ms MarkObjects: 3.425500 ms  DeleteObjects: 0.141800 ms)

========================================================================
Received Prepare
Registering precompiled user dll's ...
Registered in 0.006248 seconds.
Begin MonoManager ReloadAssembly
Native extension for WindowsStandalone target not found
Refreshing native plugins compatible for Editor in 0.74 ms, found 3 plugins.
Preloading 0 native plugins for Editor in 0.00 ms.
Mono: successfully reloaded assembly
- Completed reload, in  1.320 seconds
Platform modules already initialized, skipping
Shader 'Universal Render Pipeline/Particles/Lit': fallback shader 'Universal Render Pipeline/Particles/SimpleLit' not found
Refreshing native plugins compatible for Editor in 0.72 ms, found 3 plugins.
Preloading 0 native plugins for Editor in 0.00 ms.
Unloading 3120 Unused Serialized files (Serialized files now loaded: 0)
System memory in use before: 153.1 MB.
System memory in use after: 153.2 MB.

Unloading 22 unused Assets to reduce memory usage. Loaded Objects now: 3905.
Total: 3.570300 ms (FindLiveObjects: 0.379600 ms CreateObjectMapping: 0.188300 ms MarkObjects: 2.852800 ms  DeleteObjects: 0.148500 ms)

========================================================================
Received Prepare
Registering precompiled user dll's ...
Registered in 0.006017 seconds.
Begin MonoManager ReloadAssembly
Native extension for WindowsStandalone target not found
Refreshing native plugins compatible for Editor in 0.71 ms, found 3 plugins.
Preloading 0 native plugins for Editor in 0.00 ms.
Mono: successfully reloaded assembly
- Completed reload, in  1.330 seconds
Platform modules already initialized, skipping
Shader 'Universal Render Pipeline/Particles/Lit': fallback shader 'Universal Render Pipeline/Particles/SimpleLit' not found
Refreshing native plugins compatible for Editor in 0.73 ms, found 3 plugins.
Preloading 0 native plugins for Editor in 0.00 ms.
Unloading 3120 Unused Serialized files (Serialized files now loaded: 0)
System memory in use before: 153.1 MB.
System memory in use after: 153.2 MB.

Unloading 22 unused Assets to reduce memory usage. Loaded Objects now: 3909.
Total: 4.579200 ms (FindLiveObjects: 0.489400 ms CreateObjectMapping: 0.219200 ms MarkObjects: 3.704000 ms  DeleteObjects: 0.165000 ms)

========================================================================
Received Prepare
Registering precompiled user dll's ...
Registered in 0.005853 seconds.
Begin MonoManager ReloadAssembly
Native extension for WindowsStandalone target not found
Refreshing native plugins compatible for Editor in 0.71 ms, found 3 plugins.
Preloading 0 native plugins for Editor in 0.00 ms.
Mono: successfully reloaded assembly
- Completed reload, in  1.307 seconds
Platform modules already initialized, skipping
Shader 'Universal Render Pipeline/Particles/Lit': fallback shader 'Universal Render Pipeline/Particles/SimpleLit' not found
Refreshing native plugins compatible for Editor in 0.73 ms, found 3 plugins.
Preloading 0 native plugins for Editor in 0.00 ms.
Unloading 3120 Unused Serialized files (Serialized files now loaded: 0)
System memory in use before: 153.1 MB.
System memory in use after: 153.2 MB.

Unloading 22 unused Assets to reduce memory usage. Loaded Objects now: 3913.
Total: 4.690400 ms (FindLiveObjects: 0.859400 ms CreateObjectMapping: 0.299700 ms MarkObjects: 3.384600 ms  DeleteObjects: 0.144900 ms)

========================================================================
Received Prepare
Registering precompiled user dll's ...
Registered in 0.005835 seconds.
Begin MonoManager ReloadAssembly
Native extension for WindowsStandalone target not found
Refreshing native plugins compatible for Editor in 0.72 ms, found 3 plugins.
Preloading 0 native plugins for Editor in 0.00 ms.
Mono: successfully reloaded assembly
- Completed reload, in  1.338 seconds
Platform modules already initialized, skipping
Shader 'Universal Render Pipeline/Particles/Lit': fallback shader 'Universal Render Pipeline/Particles/SimpleLit' not found
Refreshing native plugins compatible for Editor in 0.80 ms, found 3 plugins.
Preloading 0 native plugins for Editor in 0.00 ms.
Unloading 3120 Unused Serialized files (Serialized files now loaded: 0)
System memory in use before: 153.1 MB.
System memory in use after: 153.2 MB.

Unloading 22 unused Assets to reduce memory usage. Loaded Objects now: 3917.
Total: 4.664600 ms (FindLiveObjects: 0.412700 ms CreateObjectMapping: 0.269400 ms MarkObjects: 3.624200 ms  DeleteObjects: 0.356400 ms)

========================================================================
Received Prepare
Shader 'Universal Render Pipeline/Particles/Lit': fallback shader 'Universal Render Pipeline/Particles/SimpleLit' not found
Refreshing native plugins compatible for Editor in 5.39 ms, found 3 plugins.
Preloading 0 native plugins for Editor in 0.00 ms.
Unloading 20 Unused Serialized files (Serialized files now loaded: 0)
System memory in use before: 92.0 MB.
System memory in use after: 92.1 MB.

Unloading 20 unused Assets to reduce memory usage. Loaded Objects now: 3917.
Total: 3.531300 ms (FindLiveObjects: 0.426700 ms CreateObjectMapping: 0.225100 ms MarkObjects: 2.741000 ms  DeleteObjects: 0.137600 ms)

========================================================================
Received Import Request.
  Time since last request: 353.628271 seconds.
  path: Assets/Prefabs/Enemy.prefab
  artifactKey: Guid(88f06f2029876244da622b0fdd9d18a2) Importer(815301076,1909f56bfc062723c751e8b465ee728b)
Start importing Assets/Prefabs/Enemy.prefab using Guid(88f06f2029876244da622b0fdd9d18a2) Importer(815301076,1909f56bfc062723c751e8b465ee728b)  -> (artifact id: '8816dd5630434aee776f5e6f1eecc0c7') in 0.209243 seconds
  Import took 0.217924 seconds .

========================================================================
Received Import Request.
  Time since last request: 7.448725 seconds.
  path: Assets/Prefabs/Enemy.prefab
  artifactKey: Guid(88f06f2029876244da622b0fdd9d18a2) Importer(815301076,1909f56bfc062723c751e8b465ee728b)
Start importing Assets/Prefabs/Enemy.prefab using Guid(88f06f2029876244da622b0fdd9d18a2) Importer(815301076,1909f56bfc062723c751e8b465ee728b)  -> (artifact id: 'c286227d3e7b7237469383498d086182') in 0.027551 seconds
  Import took 0.036268 seconds .

========================================================================
Received Import Request.
  Time since last request: 2.920740 seconds.
  path: Assets/Prefabs/Enemy.prefab
  artifactKey: Guid(88f06f2029876244da622b0fdd9d18a2) Importer(815301076,1909f56bfc062723c751e8b465ee728b)
Start importing Assets/Prefabs/Enemy.prefab using Guid(88f06f2029876244da622b0fdd9d18a2) Importer(815301076,1909f56bfc062723c751e8b465ee728b)  -> (artifact id: '31037c7231a2d8c0d834447b87c78ea0') in 0.039405 seconds
  Import took 0.049588 seconds .

========================================================================
Received Import Request.
  Time since last request: 2.587930 seconds.
  path: Assets/Prefabs/Enemy.prefab
  artifactKey: Guid(88f06f2029876244da622b0fdd9d18a2) Importer(815301076,1909f56bfc062723c751e8b465ee728b)
Start importing Assets/Prefabs/Enemy.prefab using Guid(88f06f2029876244da622b0fdd9d18a2) Importer(815301076,1909f56bfc062723c751e8b465ee728b)  -> (artifact id: 'db3752fb7372fd5bf77db2d16fb2cf90') in 0.028092 seconds
  Import took 0.036748 seconds .

========================================================================
Received Import Request.
  Time since last request: 3.670481 seconds.
  path: Assets/Prefabs/Enemy.prefab
  artifactKey: Guid(88f06f2029876244da622b0fdd9d18a2) Importer(815301076,1909f56bfc062723c751e8b465ee728b)
Start importing Assets/Prefabs/Enemy.prefab using Guid(88f06f2029876244da622b0fdd9d18a2) Importer(815301076,1909f56bfc062723c751e8b465ee728b)  -> (artifact id: 'ccd0dc3a2da09c0407700df4f13e8551') in 0.026614 seconds
  Import took 0.035536 seconds .

========================================================================
Received Import Request.
  Time since last request: 1.582827 seconds.
  path: Assets/Prefabs/Enemy.prefab
  artifactKey: Guid(88f06f2029876244da622b0fdd9d18a2) Importer(815301076,1909f56bfc062723c751e8b465ee728b)
Start importing Assets/Prefabs/Enemy.prefab using Guid(88f06f2029876244da622b0fdd9d18a2) Importer(815301076,1909f56bfc062723c751e8b465ee728b)  -> (artifact id: '6e21edf783a7edb836987cef7590887d') in 0.023172 seconds
  Import took 0.033138 seconds .

========================================================================
Received Import Request.
  Time since last request: 17.487705 seconds.
  path: ProjectSettings/TagManager.asset
  artifactKey: Guid(00000000000000003000000000000000) Importer(815301076,1909f56bfc062723c751e8b465ee728b)
Start importing ProjectSettings/TagManager.asset using Guid(00000000000000003000000000000000) Importer(815301076,1909f56bfc062723c751e8b465ee728b)  -> (artifact id: 'e12783c18942d80ac8bdb9fd97eb0f10') in 0.010289 seconds
  Import took 0.020124 seconds .

========================================================================
Received Prepare
Registering precompiled user dll's ...
Registered in 0.005892 seconds.
Begin MonoManager ReloadAssembly
Native extension for WindowsStandalone target not found
Refreshing native plugins compatible for Editor in 0.73 ms, found 3 plugins.
Preloading 0 native plugins for Editor in 0.00 ms.
Mono: successfully reloaded assembly
- Completed reload, in  1.333 seconds
Platform modules already initialized, skipping
Shader 'Universal Render Pipeline/Particles/Lit': fallback shader 'Universal Render Pipeline/Particles/SimpleLit' not found
Refreshing native plugins compatible for Editor in 0.91 ms, found 3 plugins.
Preloading 0 native plugins for Editor in 0.00 ms.
Unloading 3120 Unused Serialized files (Serialized files now loaded: 0)
System memory in use before: 153.2 MB.
System memory in use after: 153.3 MB.

Unloading 23 unused Assets to reduce memory usage. Loaded Objects now: 3957.
Total: 3.435500 ms (FindLiveObjects: 0.390800 ms CreateObjectMapping: 0.187200 ms MarkObjects: 2.719700 ms  DeleteObjects: 0.136800 ms)

========================================================================
Received Prepare
Registering precompiled user dll's ...
Registered in 0.006103 seconds.
Begin MonoManager ReloadAssembly
Native extension for WindowsStandalone target not found
Refreshing native plugins compatible for Editor in 0.82 ms, found 3 plugins.
Preloading 0 native plugins for Editor in 0.00 ms.
Mono: successfully reloaded assembly
- Completed reload, in  1.343 seconds
Platform modules already initialized, skipping
Shader 'Universal Render Pipeline/Particles/Lit': fallback shader 'Universal Render Pipeline/Particles/SimpleLit' not found
Refreshing native plugins compatible for Editor in 0.73 ms, found 3 plugins.
Preloading 0 native plugins for Editor in 0.00 ms.
Unloading 3120 Unused Serialized files (Serialized files now loaded: 0)
System memory in use before: 153.2 MB.
System memory in use after: 153.3 MB.

Unloading 22 unused Assets to reduce memory usage. Loaded Objects now: 3961.
Total: 3.825400 ms (FindLiveObjects: 0.583800 ms CreateObjectMapping: 0.261000 ms MarkObjects: 2.800700 ms  DeleteObjects: 0.178900 ms)

========================================================================
Received Import Request.
  Time since last request: 185.310351 seconds.
  path: Assets/Prefabs/Enemy.prefab
  artifactKey: Guid(88f06f2029876244da622b0fdd9d18a2) Importer(815301076,1909f56bfc062723c751e8b465ee728b)
Start importing Assets/Prefabs/Enemy.prefab using Guid(88f06f2029876244da622b0fdd9d18a2) Importer(815301076,1909f56bfc062723c751e8b465ee728b)  -> (artifact id: '6acd9995e72bc5a8f70a64d7e91ec9a0') in 0.174154 seconds
  Import took 0.181209 seconds .

========================================================================
Received Import Request.
  Time since last request: 6.408459 seconds.
  path: Assets/Prefabs/Enemy.prefab
  artifactKey: Guid(88f06f2029876244da622b0fdd9d18a2) Importer(815301076,1909f56bfc062723c751e8b465ee728b)
Start importing Assets/Prefabs/Enemy.prefab using Guid(88f06f2029876244da622b0fdd9d18a2) Importer(815301076,1909f56bfc062723c751e8b465ee728b)  -> (artifact id: '3960de45b16a82c3d070f7a41ce5e4e3') in 0.022970 seconds
  Import took 0.032386 seconds .

========================================================================
Received Import Request.
  Time since last request: 1.492267 seconds.
  path: Assets/Prefabs/Enemy.prefab
  artifactKey: Guid(88f06f2029876244da622b0fdd9d18a2) Importer(815301076,1909f56bfc062723c751e8b465ee728b)
Start importing Assets/Prefabs/Enemy.prefab using Guid(88f06f2029876244da622b0fdd9d18a2) Importer(815301076,1909f56bfc062723c751e8b465ee728b)  -> (artifact id: '982d039de37cfef7c9f0286540f4e403') in 0.024309 seconds
  Import took 0.033630 seconds .

========================================================================
Received Import Request.
  Time since last request: 4.652868 seconds.
  path: Assets/Prefabs/Enemy.prefab
  artifactKey: Guid(88f06f2029876244da622b0fdd9d18a2) Importer(815301076,1909f56bfc062723c751e8b465ee728b)
Start importing Assets/Prefabs/Enemy.prefab using Guid(88f06f2029876244da622b0fdd9d18a2) Importer(815301076,1909f56bfc062723c751e8b465ee728b)  -> (artifact id: '23ab9435d720de78e29a8d7ba21e4e3c') in 0.022208 seconds
  Import took 0.029757 seconds .

========================================================================
Received Import Request.
  Time since last request: 3.602823 seconds.
  path: Assets/Prefabs/Enemy.prefab
  artifactKey: Guid(88f06f2029876244da622b0fdd9d18a2) Importer(815301076,1909f56bfc062723c751e8b465ee728b)
Start importing Assets/Prefabs/Enemy.prefab using Guid(88f06f2029876244da622b0fdd9d18a2) Importer(815301076,1909f56bfc062723c751e8b465ee728b)  -> (artifact id: '503f9446ffb5a2dad7da2c01266beeb4') in 0.018978 seconds
  Import took 0.028184 seconds .

========================================================================
Received Import Request.
  Time since last request: 4.140664 seconds.
  path: Assets/Prefabs/Enemy.prefab
  artifactKey: Guid(88f06f2029876244da622b0fdd9d18a2) Importer(815301076,1909f56bfc062723c751e8b465ee728b)
Start importing Assets/Prefabs/Enemy.prefab using Guid(88f06f2029876244da622b0fdd9d18a2) Importer(815301076,1909f56bfc062723c751e8b465ee728b)  -> (artifact id: '58bec52b411713c8027067252fde22e8') in 0.024987 seconds
  Import took 0.032403 seconds .

========================================================================
Received Import Request.
  Time since last request: 3.910476 seconds.
  path: Assets/Prefabs/Enemy.prefab
  artifactKey: Guid(88f06f2029876244da622b0fdd9d18a2) Importer(815301076,1909f56bfc062723c751e8b465ee728b)
Start importing Assets/Prefabs/Enemy.prefab using Guid(88f06f2029876244da622b0fdd9d18a2) Importer(815301076,1909f56bfc062723c751e8b465ee728b)  -> (artifact id: 'd1a04db11955c3372ac776cd4b46808b') in 0.021342 seconds
  Import took 0.029302 seconds .

========================================================================
Received Import Request.
  Time since last request: 4.417805 seconds.
  path: Assets/Prefabs/Enemy.prefab
  artifactKey: Guid(88f06f2029876244da622b0fdd9d18a2) Importer(815301076,1909f56bfc062723c751e8b465ee728b)
Start importing Assets/Prefabs/Enemy.prefab using Guid(88f06f2029876244da622b0fdd9d18a2) Importer(815301076,1909f56bfc062723c751e8b465ee728b)  -> (artifact id: 'f2ff8bde04cc1f5b02b55a08aee9016d') in 0.021464 seconds
  Import took 0.029923 seconds .

========================================================================
Received Import Request.
  Time since last request: 4.825784 seconds.
  path: Assets/Prefabs/Enemy.prefab
  artifactKey: Guid(88f06f2029876244da622b0fdd9d18a2) Importer(815301076,1909f56bfc062723c751e8b465ee728b)
Start importing Assets/Prefabs/Enemy.prefab using Guid(88f06f2029876244da622b0fdd9d18a2) Importer(815301076,1909f56bfc062723c751e8b465ee728b)  -> (artifact id: 'd06e934c6a057ef1811224f44655eac0') in 0.017478 seconds
  Import took 0.028303 seconds .

========================================================================
Received Import Request.
  Time since last request: 1.799602 seconds.
  path: Assets/Prefabs/Enemy.prefab
  artifactKey: Guid(88f06f2029876244da622b0fdd9d18a2) Importer(815301076,1909f56bfc062723c751e8b465ee728b)
Start importing Assets/Prefabs/Enemy.prefab using Guid(88f06f2029876244da622b0fdd9d18a2) Importer(815301076,1909f56bfc062723c751e8b465ee728b)  -> (artifact id: 'fb11b8e930ae79dd5007dd306a91dd8a') in 0.020486 seconds
  Import took 0.028342 seconds .

========================================================================
Received Import Request.
  Time since last request: 0.994291 seconds.
  path: Assets/Prefabs/Enemy.prefab
  artifactKey: Guid(88f06f2029876244da622b0fdd9d18a2) Importer(815301076,1909f56bfc062723c751e8b465ee728b)
Start importing Assets/Prefabs/Enemy.prefab using Guid(88f06f2029876244da622b0fdd9d18a2) Importer(815301076,1909f56bfc062723c751e8b465ee728b)  -> (artifact id: '4a2ae663e879eca3f8e78ea5b26a2600') in 0.022315 seconds
  Import took 0.029740 seconds .

========================================================================
Received Import Request.
  Time since last request: 0.980386 seconds.
  path: Assets/Prefabs/Enemy.prefab
  artifactKey: Guid(88f06f2029876244da622b0fdd9d18a2) Importer(815301076,1909f56bfc062723c751e8b465ee728b)
Start importing Assets/Prefabs/Enemy.prefab using Guid(88f06f2029876244da622b0fdd9d18a2) Importer(815301076,1909f56bfc062723c751e8b465ee728b)  -> (artifact id: 'd48c599410589cb03cbe475b83ed610f') in 0.020033 seconds
  Import took 0.029326 seconds .

========================================================================
Received Prepare
Registering precompiled user dll's ...
Registered in 0.005970 seconds.
Begin MonoManager ReloadAssembly
Native extension for WindowsStandalone target not found
Refreshing native plugins compatible for Editor in 2.29 ms, found 3 plugins.
Preloading 0 native plugins for Editor in 0.00 ms.
Mono: successfully reloaded assembly
- Completed reload, in  1.382 seconds
Platform modules already initialized, skipping
Shader 'Universal Render Pipeline/Particles/Lit': fallback shader 'Universal Render Pipeline/Particles/SimpleLit' not found
Refreshing native plugins compatible for Editor in 0.80 ms, found 3 plugins.
Preloading 0 native plugins for Editor in 0.00 ms.
Unloading 3120 Unused Serialized files (Serialized files now loaded: 0)
System memory in use before: 153.3 MB.
System memory in use after: 153.4 MB.

Unloading 22 unused Assets to reduce memory usage. Loaded Objects now: 4001.
Total: 3.567200 ms (FindLiveObjects: 0.382600 ms CreateObjectMapping: 0.182900 ms MarkObjects: 2.868800 ms  DeleteObjects: 0.131700 ms)

========================================================================
Received Import Request.
  Time since last request: 106.030034 seconds.
  path: Assets/Prefabs/Enemy.prefab
  artifactKey: Guid(88f06f2029876244da622b0fdd9d18a2) Importer(815301076,1909f56bfc062723c751e8b465ee728b)
Start importing Assets/Prefabs/Enemy.prefab using Guid(88f06f2029876244da622b0fdd9d18a2) Importer(815301076,1909f56bfc062723c751e8b465ee728b)  -> (artifact id: 'f8b73618148eed319cb6057edf0ed744') in 0.181617 seconds
  Import took 0.188397 seconds .

========================================================================
Received Import Request.
  Time since last request: 7.343564 seconds.
  path: Assets/Prefabs/Enemy.prefab
  artifactKey: Guid(88f06f2029876244da622b0fdd9d18a2) Importer(815301076,1909f56bfc062723c751e8b465ee728b)
Start importing Assets/Prefabs/Enemy.prefab using Guid(88f06f2029876244da622b0fdd9d18a2) Importer(815301076,1909f56bfc062723c751e8b465ee728b)  -> (artifact id: 'bde5a886cac6f7368e66f6084b615dbf') in 0.026606 seconds
  Import took 0.034334 seconds .

========================================================================
Received Import Request.
  Time since last request: 11.678499 seconds.
  path: Assets/Prefabs/Enemy.prefab
  artifactKey: Guid(88f06f2029876244da622b0fdd9d18a2) Importer(815301076,1909f56bfc062723c751e8b465ee728b)
Start importing Assets/Prefabs/Enemy.prefab using Guid(88f06f2029876244da622b0fdd9d18a2) Importer(815301076,1909f56bfc062723c751e8b465ee728b)  -> (artifact id: '5cb7fa980cd35b01ea96be0caddb6dbe') in 0.018071 seconds
  Import took 0.026265 seconds .

========================================================================
Received Prepare
Registering precompiled user dll's ...
Registered in 0.006709 seconds.
Begin MonoManager ReloadAssembly
Native extension for WindowsStandalone target not found
Refreshing native plugins compatible for Editor in 0.69 ms, found 3 plugins.
Preloading 0 native plugins for Editor in 0.00 ms.
Mono: successfully reloaded assembly
- Completed reload, in  1.305 seconds
Platform modules already initialized, skipping
Shader 'Universal Render Pipeline/Particles/Lit': fallback shader 'Universal Render Pipeline/Particles/SimpleLit' not found
Refreshing native plugins compatible for Editor in 0.84 ms, found 3 plugins.
Preloading 0 native plugins for Editor in 0.00 ms.
Unloading 3120 Unused Serialized files (Serialized files now loaded: 0)
System memory in use before: 153.4 MB.
System memory in use after: 153.5 MB.

Unloading 22 unused Assets to reduce memory usage. Loaded Objects now: 4041.
Total: 5.388500 ms (FindLiveObjects: 0.485200 ms CreateObjectMapping: 0.361200 ms MarkObjects: 4.368600 ms  DeleteObjects: 0.171600 ms)

========================================================================
Received Import Request.
  Time since last request: 33.582259 seconds.
  path: Assets/Prefabs/Enemy.prefab
  artifactKey: Guid(88f06f2029876244da622b0fdd9d18a2) Importer(815301076,1909f56bfc062723c751e8b465ee728b)
Start importing Assets/Prefabs/Enemy.prefab using Guid(88f06f2029876244da622b0fdd9d18a2) Importer(815301076,1909f56bfc062723c751e8b465ee728b)  -> (artifact id: 'de4542e5a6c0a2608b02cdaacd3bdf1c') in 0.187255 seconds
  Import took 0.195172 seconds .

========================================================================
Received Prepare
Registering precompiled user dll's ...
Registered in 0.005823 seconds.
Begin MonoManager ReloadAssembly
Native extension for WindowsStandalone target not found
Refreshing native plugins compatible for Editor in 0.69 ms, found 3 plugins.
Preloading 0 native plugins for Editor in 0.00 ms.
Mono: successfully reloaded assembly
- Completed reload, in  1.348 seconds
Platform modules already initialized, skipping
Shader 'Universal Render Pipeline/Particles/Lit': fallback shader 'Universal Render Pipeline/Particles/SimpleLit' not found
Refreshing native plugins compatible for Editor in 0.89 ms, found 3 plugins.
Preloading 0 native plugins for Editor in 0.00 ms.
Unloading 3120 Unused Serialized files (Serialized files now loaded: 0)
System memory in use before: 153.5 MB.
System memory in use after: 153.6 MB.

Unloading 22 unused Assets to reduce memory usage. Loaded Objects now: 4081.
Total: 3.912000 ms (FindLiveObjects: 0.438800 ms CreateObjectMapping: 0.224500 ms MarkObjects: 3.098600 ms  DeleteObjects: 0.149000 ms)

========================================================================
Received Import Request.
  Time since last request: 28.788300 seconds.
  path: Assets/Prefabs/Enemy.prefab
  artifactKey: Guid(88f06f2029876244da622b0fdd9d18a2) Importer(815301076,1909f56bfc062723c751e8b465ee728b)
Start importing Assets/Prefabs/Enemy.prefab using Guid(88f06f2029876244da622b0fdd9d18a2) Importer(815301076,1909f56bfc062723c751e8b465ee728b)  -> (artifact id: '6104945ba8e694c241c0b3bf445a7e90') in 0.208303 seconds
  Import took 0.216987 seconds .

========================================================================
Received Import Request.
  Time since last request: 5.849037 seconds.
  path: Assets/Prefabs/Enemy.prefab
  artifactKey: Guid(88f06f2029876244da622b0fdd9d18a2) Importer(815301076,1909f56bfc062723c751e8b465ee728b)
Start importing Assets/Prefabs/Enemy.prefab using Guid(88f06f2029876244da622b0fdd9d18a2) Importer(815301076,1909f56bfc062723c751e8b465ee728b)  -> (artifact id: '0bccc07ef062db12ad9a06eb894ed823') in 0.025406 seconds
  Import took 0.033148 seconds .

========================================================================
Received Import Request.
  Time since last request: 9.666342 seconds.
  path: Assets/Prefabs/Enemy.prefab
  artifactKey: Guid(88f06f2029876244da622b0fdd9d18a2) Importer(815301076,1909f56bfc062723c751e8b465ee728b)
Start importing Assets/Prefabs/Enemy.prefab using Guid(88f06f2029876244da622b0fdd9d18a2) Importer(815301076,1909f56bfc062723c751e8b465ee728b)  -> (artifact id: 'c322356ab7018dc23edfaa392904520f') in 0.024117 seconds
  Import took 0.032309 seconds .

========================================================================
Received Import Request.
  Time since last request: 2.375670 seconds.
  path: Assets/Prefabs/Enemy.prefab
  artifactKey: Guid(88f06f2029876244da622b0fdd9d18a2) Importer(815301076,1909f56bfc062723c751e8b465ee728b)
Start importing Assets/Prefabs/Enemy.prefab using Guid(88f06f2029876244da622b0fdd9d18a2) Importer(815301076,1909f56bfc062723c751e8b465ee728b)  -> (artifact id: '7d17013cb1559f2d357d07b93b72b250') in 0.024651 seconds
  Import took 0.032235 seconds .

========================================================================
Received Prepare
Registering precompiled user dll's ...
Registered in 0.006032 seconds.
Begin MonoManager ReloadAssembly
Native extension for WindowsStandalone target not found
Refreshing native plugins compatible for Editor in 0.73 ms, found 3 plugins.
Preloading 0 native plugins for Editor in 0.00 ms.
Mono: successfully reloaded assembly
- Completed reload, in  1.322 seconds
Platform modules already initialized, skipping
Shader 'Universal Render Pipeline/Particles/Lit': fallback shader 'Universal Render Pipeline/Particles/SimpleLit' not found
Refreshing native plugins compatible for Editor in 0.69 ms, found 3 plugins.
Preloading 0 native plugins for Editor in 0.00 ms.
Unloading 3120 Unused Serialized files (Serialized files now loaded: 0)
System memory in use before: 153.7 MB.
System memory in use after: 153.8 MB.

Unloading 22 unused Assets to reduce memory usage. Loaded Objects now: 4121.
Total: 3.578200 ms (FindLiveObjects: 0.380600 ms CreateObjectMapping: 0.183200 ms MarkObjects: 2.835300 ms  DeleteObjects: 0.178000 ms)

========================================================================
Received Import Request.
  Time since last request: 17.457745 seconds.
  path: Assets/Prefabs/Enemy.prefab
  artifactKey: Guid(88f06f2029876244da622b0fdd9d18a2) Importer(815301076,1909f56bfc062723c751e8b465ee728b)
Start importing Assets/Prefabs/Enemy.prefab using Guid(88f06f2029876244da622b0fdd9d18a2) Importer(815301076,1909f56bfc062723c751e8b465ee728b)  -> (artifact id: 'f8fb79f66c94a4442b1c2ece94d69211') in 0.176157 seconds
  Import took 0.182819 seconds .

========================================================================
Received Import Request.
  Time since last request: 13.834125 seconds.
  path: Assets/Prefabs/Enemy.prefab
  artifactKey: Guid(88f06f2029876244da622b0fdd9d18a2) Importer(815301076,1909f56bfc062723c751e8b465ee728b)
Start importing Assets/Prefabs/Enemy.prefab using Guid(88f06f2029876244da622b0fdd9d18a2) Importer(815301076,1909f56bfc062723c751e8b465ee728b)  -> (artifact id: '66d78fa6b83fd090199cf66de1c81b03') in 0.029316 seconds
  Import took 0.039997 seconds .

========================================================================
Received Prepare
Registering precompiled user dll's ...
Registered in 0.007763 seconds.
Begin MonoManager ReloadAssembly
Native extension for WindowsStandalone target not found
Refreshing native plugins compatible for Editor in 0.69 ms, found 3 plugins.
Preloading 0 native plugins for Editor in 0.00 ms.
Mono: successfully reloaded assembly
- Completed reload, in  1.332 seconds
Platform modules already initialized, skipping
Shader 'Universal Render Pipeline/Particles/Lit': fallback shader 'Universal Render Pipeline/Particles/SimpleLit' not found
Refreshing native plugins compatible for Editor in 0.70 ms, found 3 plugins.
Preloading 0 native plugins for Editor in 0.00 ms.
Unloading 3120 Unused Serialized files (Serialized files now loaded: 0)
System memory in use before: 153.8 MB.
System memory in use after: 153.9 MB.

Unloading 22 unused Assets to reduce memory usage. Loaded Objects now: 4161.
Total: 3.826800 ms (FindLiveObjects: 0.439200 ms CreateObjectMapping: 0.191800 ms MarkObjects: 3.051200 ms  DeleteObjects: 0.143300 ms)

========================================================================
Received Import Request.
  Time since last request: 20.085257 seconds.
  path: Assets/Prefabs/Enemy.prefab
  artifactKey: Guid(88f06f2029876244da622b0fdd9d18a2) Importer(815301076,1909f56bfc062723c751e8b465ee728b)
Start importing Assets/Prefabs/Enemy.prefab using Guid(88f06f2029876244da622b0fdd9d18a2) Importer(815301076,1909f56bfc062723c751e8b465ee728b)  -> (artifact id: '766575c7947fc08478656cfc921ced21') in 0.185451 seconds
  Import took 0.192951 seconds .

========================================================================
Received Prepare
Registering precompiled user dll's ...
Registered in 0.006222 seconds.
Begin MonoManager ReloadAssembly
Native extension for WindowsStandalone target not found
Refreshing native plugins compatible for Editor in 1.13 ms, found 3 plugins.
Preloading 0 native plugins for Editor in 0.00 ms.
Mono: successfully reloaded assembly
- Completed reload, in  1.423 seconds
Platform modules already initialized, skipping
Shader 'Universal Render Pipeline/Particles/Lit': fallback shader 'Universal Render Pipeline/Particles/SimpleLit' not found
Refreshing native plugins compatible for Editor in 0.70 ms, found 3 plugins.
Preloading 0 native plugins for Editor in 0.00 ms.
Unloading 3120 Unused Serialized files (Serialized files now loaded: 0)
System memory in use before: 153.9 MB.
System memory in use after: 154.0 MB.

Unloading 22 unused Assets to reduce memory usage. Loaded Objects now: 4201.
Total: 4.055800 ms (FindLiveObjects: 0.454800 ms CreateObjectMapping: 0.223700 ms MarkObjects: 3.233800 ms  DeleteObjects: 0.142300 ms)

========================================================================
Received Import Request.
  Time since last request: 19.400234 seconds.
  path: Assets/Prefabs/Enemy.prefab
  artifactKey: Guid(88f06f2029876244da622b0fdd9d18a2) Importer(815301076,1909f56bfc062723c751e8b465ee728b)
Start importing Assets/Prefabs/Enemy.prefab using Guid(88f06f2029876244da622b0fdd9d18a2) Importer(815301076,1909f56bfc062723c751e8b465ee728b)  -> (artifact id: 'a44b83f162a68f3a8832771d2f11640d') in 0.183360 seconds
  Import took 0.190833 seconds .

========================================================================
Received Import Request.
  Time since last request: 1.709541 seconds.
  path: Assets/Prefabs/Enemy.prefab
  artifactKey: Guid(88f06f2029876244da622b0fdd9d18a2) Importer(815301076,1909f56bfc062723c751e8b465ee728b)
Start importing Assets/Prefabs/Enemy.prefab using Guid(88f06f2029876244da622b0fdd9d18a2) Importer(815301076,1909f56bfc062723c751e8b465ee728b)  -> (artifact id: '434bf17c0138ac0c54f662e49afe2094') in 0.024849 seconds
  Import took 0.034763 seconds .

========================================================================
Received Prepare
Registering precompiled user dll's ...
Registered in 0.006287 seconds.
Begin MonoManager ReloadAssembly
Native extension for WindowsStandalone target not found
Refreshing native plugins compatible for Editor in 0.69 ms, found 3 plugins.
Preloading 0 native plugins for Editor in 0.00 ms.
Mono: successfully reloaded assembly
- Completed reload, in  1.341 seconds
Platform modules already initialized, skipping
Shader 'Universal Render Pipeline/Particles/Lit': fallback shader 'Universal Render Pipeline/Particles/SimpleLit' not found
Refreshing native plugins compatible for Editor in 0.69 ms, found 3 plugins.
Preloading 0 native plugins for Editor in 0.00 ms.
Unloading 3120 Unused Serialized files (Serialized files now loaded: 0)
System memory in use before: 154.0 MB.
System memory in use after: 154.1 MB.

Unloading 22 unused Assets to reduce memory usage. Loaded Objects now: 4241.
Total: 3.692800 ms (FindLiveObjects: 0.415400 ms CreateObjectMapping: 0.188300 ms MarkObjects: 2.951900 ms  DeleteObjects: 0.136300 ms)

========================================================================
Received Import Request.
  Time since last request: 38.527708 seconds.
  path: Assets/Prefabs/Enemy.prefab
  artifactKey: Guid(88f06f2029876244da622b0fdd9d18a2) Importer(815301076,1909f56bfc062723c751e8b465ee728b)
Start importing Assets/Prefabs/Enemy.prefab using Guid(88f06f2029876244da622b0fdd9d18a2) Importer(815301076,1909f56bfc062723c751e8b465ee728b)  -> (artifact id: '139b5d560e5182ad025875651285af4f') in 0.177435 seconds
  Import took 0.184655 seconds .

========================================================================
Received Import Request.
  Time since last request: 1.599361 seconds.
  path: Assets/Prefabs/Enemy.prefab
  artifactKey: Guid(88f06f2029876244da622b0fdd9d18a2) Importer(815301076,1909f56bfc062723c751e8b465ee728b)
Start importing Assets/Prefabs/Enemy.prefab using Guid(88f06f2029876244da622b0fdd9d18a2) Importer(815301076,1909f56bfc062723c751e8b465ee728b)  -> (artifact id: 'b090da9543014c9e3a94bb1527b420a0') in 0.026706 seconds
  Import took 0.034527 seconds .

========================================================================
Received Prepare
Registering precompiled user dll's ...
Registered in 0.006003 seconds.
Begin MonoManager ReloadAssembly
Native extension for WindowsStandalone target not found
Refreshing native plugins compatible for Editor in 0.74 ms, found 3 plugins.
Preloading 0 native plugins for Editor in 0.00 ms.
Mono: successfully reloaded assembly
- Completed reload, in  1.334 seconds
Platform modules already initialized, skipping
Shader 'Universal Render Pipeline/Particles/Lit': fallback shader 'Universal Render Pipeline/Particles/SimpleLit' not found
Refreshing native plugins compatible for Editor in 0.77 ms, found 3 plugins.
Preloading 0 native plugins for Editor in 0.00 ms.
Unloading 3120 Unused Serialized files (Serialized files now loaded: 0)
System memory in use before: 154.1 MB.
System memory in use after: 154.2 MB.

Unloading 22 unused Assets to reduce memory usage. Loaded Objects now: 4281.
Total: 4.646800 ms (FindLiveObjects: 0.534100 ms CreateObjectMapping: 0.203800 ms MarkObjects: 3.743600 ms  DeleteObjects: 0.163700 ms)

========================================================================
Received Prepare
Registering precompiled user dll's ...
Registered in 0.006262 seconds.
Begin MonoManager ReloadAssembly
Native extension for WindowsStandalone target not found
Refreshing native plugins compatible for Editor in 0.70 ms, found 3 plugins.
Preloading 0 native plugins for Editor in 0.00 ms.
Mono: successfully reloaded assembly
- Completed reload, in  1.318 seconds
Platform modules already initialized, skipping
Shader 'Universal Render Pipeline/Particles/Lit': fallback shader 'Universal Render Pipeline/Particles/SimpleLit' not found
Refreshing native plugins compatible for Editor in 0.69 ms, found 3 plugins.
Preloading 0 native plugins for Editor in 0.00 ms.
Unloading 3120 Unused Serialized files (Serialized files now loaded: 0)
System memory in use before: 154.1 MB.
System memory in use after: 154.2 MB.

Unloading 22 unused Assets to reduce memory usage. Loaded Objects now: 4285.
Total: 4.541400 ms (FindLiveObjects: 0.488300 ms CreateObjectMapping: 0.213000 ms MarkObjects: 3.684400 ms  DeleteObjects: 0.154400 ms)

========================================================================
Received Prepare
Shader 'Universal Render Pipeline/Particles/Lit': fallback shader 'Universal Render Pipeline/Particles/SimpleLit' not found
Refreshing native plugins compatible for Editor in 5.05 ms, found 3 plugins.
Preloading 0 native plugins for Editor in 0.00 ms.
Unloading 20 Unused Serialized files (Serialized files now loaded: 0)
System memory in use before: 93.0 MB.
System memory in use after: 93.1 MB.

Unloading 20 unused Assets to reduce memory usage. Loaded Objects now: 4285.
Total: 4.006600 ms (FindLiveObjects: 0.475100 ms CreateObjectMapping: 0.207400 ms MarkObjects: 3.175500 ms  DeleteObjects: 0.147700 ms)

========================================================================
Received Prepare
Registering precompiled user dll's ...
Registered in 0.102374 seconds.
Begin MonoManager ReloadAssembly
Native extension for WindowsStandalone target not found
Refreshing native plugins compatible for Editor in 0.81 ms, found 3 plugins.
Preloading 0 native plugins for Editor in 0.00 ms.
Mono: successfully reloaded assembly
- Completed reload, in  1.790 seconds
Platform modules already initialized, skipping
Switching build target platform(19) subTarget(0) extendedPlatform(0) -> platform(13) subTarget(537395200) extendedPlatform(0)
Shader 'Universal Render Pipeline/Particles/Lit': fallback shader 'Universal Render Pipeline/Particles/SimpleLit' not found
Refreshing native plugins compatible for Editor in 0.70 ms, found 3 plugins.
Preloading 0 native plugins for Editor in 0.00 ms.
Unloading 3124 Unused Serialized files (Serialized files now loaded: 0)
System memory in use before: 152.2 MB.
System memory in use after: 152.3 MB.

Unloading 22 unused Assets to reduce memory usage. Loaded Objects now: 4289.
Total: 3.702300 ms (FindLiveObjects: 0.420100 ms CreateObjectMapping: 0.182300 ms MarkObjects: 2.962800 ms  DeleteObjects: 0.135900 ms)

AssetImportParameters requested are different than current active one (requested -> active):
  custom:graphics/normal-map-encoding: 01000000000000000000000000000000 -> 02000000000000000000000000000000
========================================================================
Received Prepare
Shader 'Universal Render Pipeline/Particles/Lit': fallback shader 'Universal Render Pipeline/Particles/SimpleLit' not found
Refreshing native plugins compatible for Editor in 4.94 ms, found 3 plugins.
Preloading 0 native plugins for Editor in 0.00 ms.
Unloading 20 Unused Serialized files (Serialized files now loaded: 0)
System memory in use before: 91.2 MB.
System memory in use after: 91.3 MB.

Unloading 20 unused Assets to reduce memory usage. Loaded Objects now: 4289.
Total: 3.888500 ms (FindLiveObjects: 0.399600 ms CreateObjectMapping: 0.181400 ms MarkObjects: 2.930100 ms  DeleteObjects: 0.376400 ms)

========================================================================
Received Prepare
Shader 'Universal Render Pipeline/Particles/Lit': fallback shader 'Universal Render Pipeline/Particles/SimpleLit' not found
Refreshing native plugins compatible for Editor in 5.36 ms, found 3 plugins.
Preloading 0 native plugins for Editor in 0.00 ms.
Unloading 20 Unused Serialized files (Serialized files now loaded: 0)
System memory in use before: 91.2 MB.
System memory in use after: 91.3 MB.

Unloading 20 unused Assets to reduce memory usage. Loaded Objects now: 4289.
Total: 4.545900 ms (FindLiveObjects: 0.459300 ms CreateObjectMapping: 0.353600 ms MarkObjects: 3.550900 ms  DeleteObjects: 0.180100 ms)

========================================================================
Received Prepare
Registering precompiled user dll's ...
Registered in 0.006209 seconds.
Begin MonoManager ReloadAssembly
Native extension for WindowsStandalone target not found
Refreshing native plugins compatible for Editor in 1.24 ms, found 3 plugins.
Preloading 0 native plugins for Editor in 0.00 ms.
Mono: successfully reloaded assembly
- Completed reload, in  1.370 seconds
Platform modules already initialized, skipping
Shader 'Universal Render Pipeline/Particles/Lit': fallback shader 'Universal Render Pipeline/Particles/SimpleLit' not found
Refreshing native plugins compatible for Editor in 0.73 ms, found 3 plugins.
Preloading 0 native plugins for Editor in 0.00 ms.
Unloading 3120 Unused Serialized files (Serialized files now loaded: 0)
System memory in use before: 154.1 MB.
System memory in use after: 154.3 MB.

Unloading 22 unused Assets to reduce memory usage. Loaded Objects now: 4293.
Total: 4.827000 ms (FindLiveObjects: 0.466100 ms CreateObjectMapping: 0.214900 ms MarkObjects: 3.979900 ms  DeleteObjects: 0.164500 ms)

========================================================================
Received Prepare
Shader 'Universal Render Pipeline/Particles/Lit': fallback shader 'Universal Render Pipeline/Particles/SimpleLit' not found
Refreshing native plugins compatible for Editor in 5.82 ms, found 3 plugins.
Preloading 0 native plugins for Editor in 0.00 ms.
Unloading 20 Unused Serialized files (Serialized files now loaded: 0)
System memory in use before: 93.0 MB.
System memory in use after: 93.1 MB.

Unloading 20 unused Assets to reduce memory usage. Loaded Objects now: 4293.
Total: 4.646000 ms (FindLiveObjects: 0.495200 ms CreateObjectMapping: 0.293500 ms MarkObjects: 3.687500 ms  DeleteObjects: 0.168600 ms)

========================================================================
Received Prepare
Shader 'Universal Render Pipeline/Particles/Lit': fallback shader 'Universal Render Pipeline/Particles/SimpleLit' not found
Refreshing native plugins compatible for Editor in 5.14 ms, found 3 plugins.
Preloading 0 native plugins for Editor in 0.00 ms.
Unloading 20 Unused Serialized files (Serialized files now loaded: 0)
System memory in use before: 93.0 MB.
System memory in use after: 93.1 MB.

Unloading 20 unused Assets to reduce memory usage. Loaded Objects now: 4293.
Total: 3.782500 ms (FindLiveObjects: 0.433100 ms CreateObjectMapping: 0.197900 ms MarkObjects: 3.008600 ms  DeleteObjects: 0.142100 ms)

========================================================================
Received Import Request.
  Time since last request: 3989.975789 seconds.
  path: Assets/Scripts/GameManager.cs
  artifactKey: Guid(6f9a3aaa755800d4b92fdd1f031a1059) Importer(815301076,1909f56bfc062723c751e8b465ee728b)
Start importing Assets/Scripts/GameManager.cs using Guid(6f9a3aaa755800d4b92fdd1f031a1059) Importer(815301076,1909f56bfc062723c751e8b465ee728b)  -> (artifact id: '6878a122915ffe0f2c29413497eb7479') in 0.012788 seconds
  Import took 0.020548 seconds .

========================================================================
Received Import Request.
  Time since last request: 0.022280 seconds.
  path: Assets/Scripts/GameManager.cs
  artifactKey: Guid(6f9a3aaa755800d4b92fdd1f031a1059) Importer(815301076,1909f56bfc062723c751e8b465ee728b)
Start importing Assets/Scripts/GameManager.cs using Guid(6f9a3aaa755800d4b92fdd1f031a1059) Importer(815301076,1909f56bfc062723c751e8b465ee728b)  -> (artifact id: '6878a122915ffe0f2c29413497eb7479') in 0.005077 seconds
  Import took 0.012807 seconds .

========================================================================
Received Prepare
Registering precompiled user dll's ...
Registered in 0.007447 seconds.
Begin MonoManager ReloadAssembly
Native extension for WindowsStandalone target not found
Refreshing native plugins compatible for Editor in 2.47 ms, found 3 plugins.
Preloading 0 native plugins for Editor in 0.00 ms.
Mono: successfully reloaded assembly
- Completed reload, in  3.282 seconds
Platform modules already initialized, skipping
Shader 'Universal Render Pipeline/Particles/Lit': fallback shader 'Universal Render Pipeline/Particles/SimpleLit' not found
Refreshing native plugins compatible for Editor in 0.82 ms, found 3 plugins.
Preloading 0 native plugins for Editor in 0.00 ms.
Unloading 3120 Unused Serialized files (Serialized files now loaded: 0)
System memory in use before: 154.2 MB.
System memory in use after: 154.3 MB.

Unloading 22 unused Assets to reduce memory usage. Loaded Objects now: 4297.
Total: 3.818600 ms (FindLiveObjects: 0.443900 ms CreateObjectMapping: 0.187500 ms MarkObjects: 2.991700 ms  DeleteObjects: 0.194400 ms)

========================================================================
Received Import Request.
  Time since last request: 44.432794 seconds.
  path: Assets/Scripts/GameManager.cs
  artifactKey: Guid(6f9a3aaa755800d4b92fdd1f031a1059) Importer(815301076,1909f56bfc062723c751e8b465ee728b)
Start importing Assets/Scripts/GameManager.cs using Guid(6f9a3aaa755800d4b92fdd1f031a1059) Importer(815301076,1909f56bfc062723c751e8b465ee728b)  -> (artifact id: '98c9188523efe99021c3ff41090ce514') in 0.435630 seconds
  Import took 1.366200 seconds .

========================================================================
Received Prepare
Shader 'Universal Render Pipeline/Particles/Lit': fallback shader 'Universal Render Pipeline/Particles/SimpleLit' not found
Refreshing native plugins compatible for Editor in 5.28 ms, found 3 plugins.
Preloading 0 native plugins for Editor in 0.00 ms.
Unloading 20 Unused Serialized files (Serialized files now loaded: 0)
System memory in use before: 93.0 MB.
System memory in use after: 93.1 MB.

Unloading 20 unused Assets to reduce memory usage. Loaded Objects now: 4297.
Total: 3.661200 ms (FindLiveObjects: 0.435700 ms CreateObjectMapping: 0.179300 ms MarkObjects: 2.906200 ms  DeleteObjects: 0.139100 ms)

========================================================================
Received Prepare
Registering precompiled user dll's ...
Registered in 0.006333 seconds.
Begin MonoManager ReloadAssembly
Native extension for WindowsStandalone target not found
Refreshing native plugins compatible for Editor in 0.70 ms, found 3 plugins.
Preloading 0 native plugins for Editor in 0.00 ms.
Mono: successfully reloaded assembly
- Completed reload, in  1.526 seconds
Platform modules already initialized, skipping
Shader 'Universal Render Pipeline/Particles/Lit': fallback shader 'Universal Render Pipeline/Particles/SimpleLit' not found
Refreshing native plugins compatible for Editor in 0.70 ms, found 3 plugins.
Preloading 0 native plugins for Editor in 0.00 ms.
Unloading 3120 Unused Serialized files (Serialized files now loaded: 0)
System memory in use before: 154.2 MB.
System memory in use after: 154.3 MB.

Unloading 22 unused Assets to reduce memory usage. Loaded Objects now: 4301.
Total: 4.054100 ms (FindLiveObjects: 0.428400 ms CreateObjectMapping: 0.191600 ms MarkObjects: 3.277600 ms  DeleteObjects: 0.155200 ms)

========================================================================
Received Import Request.
  Time since last request: 767.966181 seconds.
  path: Assets/Scripts/Enemy.cs
  artifactKey: Guid(18caca0917848474788245566bdff359) Importer(815301076,1909f56bfc062723c751e8b465ee728b)
Start importing Assets/Scripts/Enemy.cs using Guid(18caca0917848474788245566bdff359) Importer(815301076,1909f56bfc062723c751e8b465ee728b)  -> (artifact id: 'ef1d1aa806a4d3146c774ef5228f89f0') in 0.011021 seconds
  Import took 0.017730 seconds .

AssetImportWorkerClient::OnTransportError - code=2 error=End of file
