Using pre-set license
Built from '2020.3/staging' branch; Version is '2020.3.10f1 (297d780c91bc) revision 2719096'; Using compiler version '192528614'; Build Type 'Release'
OS: 'Windows 10 Pro; OS build 19042.985; Version 2009; 64bit' Language: 'en' Physical Memory: 8139 MB
BatchMode: 1, IsHumanControllingUs: 0, StartBugReporterOnCrash: 0, Is64bit: 1, IsPro: 0

 COMMAND LINE ARGUMENTS:
C:\Program Files\2020.3.10f1\Editor\Unity.exe
-adb2
-batchMode
-noUpm
-name
AssetImportWorker0
-projectPath
C:/Users/Arajin/Documents/Unity Projects/BrencoUnityChallenge
-logFile
Logs/AssetImportWorker0.log
-srvPort
61245
Successfully changed project path to: C:/Users/Arajin/Documents/Unity Projects/BrencoUnityChallenge
C:/Users/Arajin/Documents/Unity Projects/BrencoUnityChallenge
Using Asset Import Pipeline V2.
Refreshing native plugins compatible for Editor in 74.13 ms, found 3 plugins.
Preloading 0 native plugins for Editor in 0.00 ms.
Initialize engine version: 2020.3.10f1 (297d780c91bc)
[Subsystems] Discovering subsystems at path C:/Program Files/2020.3.10f1/Editor/Data/Resources/UnitySubsystems
[Subsystems] Discovering subsystems at path C:/Users/Arajin/Documents/Unity Projects/BrencoUnityChallenge/Assets
GfxDevice: creating device client; threaded=0
Direct3D:
    Version:  Direct3D 11.0 [level 11.1]
    Renderer: NVIDIA GeForce GTX 1060 6GB (ID=0x1c03)
    Vendor:   
    VRAM:     6052 MB
    Driver:   26.21.14.4201
Shader 'Universal Render Pipeline/Particles/Lit': fallback shader 'Universal Render Pipeline/Particles/SimpleLit' not found
Initialize mono
Mono path[0] = 'C:/Program Files/2020.3.10f1/Editor/Data/Managed'
Mono path[1] = 'C:/Program Files/2020.3.10f1/Editor/Data/MonoBleedingEdge/lib/mono/unityjit'
Mono config path = 'C:/Program Files/2020.3.10f1/Editor/Data/MonoBleedingEdge/etc'
Using monoOptions --debugger-agent=transport=dt_socket,embedding=1,server=y,suspend=n,address=127.0.0.1:56444
Begin MonoManager ReloadAssembly
Registering precompiled unity dll's ...
Register platform support module: C:/Program Files/2020.3.10f1/Editor/Data/PlaybackEngines/WindowsStandaloneSupport/UnityEditor.WindowsStandalone.Extensions.dll
Registered in 0.002546 seconds.
Native extension for WindowsStandalone target not found
Refreshing native plugins compatible for Editor in 69.17 ms, found 3 plugins.
Preloading 0 native plugins for Editor in 0.00 ms.
Mono: successfully reloaded assembly
- Completed reload, in  2.230 seconds
Platform modules already initialized, skipping
Registering precompiled user dll's ...
Registered in 0.006273 seconds.
Begin MonoManager ReloadAssembly
Native extension for WindowsStandalone target not found
Refreshing native plugins compatible for Editor in 69.13 ms, found 3 plugins.
Preloading 0 native plugins for Editor in 0.00 ms.
Mono: successfully reloaded assembly
- Completed reload, in  1.497 seconds
Platform modules already initialized, skipping
========================================================================
Worker process is ready to serve import requests
Shader 'Universal Render Pipeline/Particles/Lit': fallback shader 'Universal Render Pipeline/Particles/SimpleLit' not found
Launched and connected shader compiler UnityShaderCompiler.exe after 0.06 seconds
Refreshing native plugins compatible for Editor in 0.97 ms, found 3 plugins.
Preloading 0 native plugins for Editor in 0.00 ms.
Unloading 3243 Unused Serialized files (Serialized files now loaded: 0)
System memory in use before: 155.2 MB.
System memory in use after: 155.3 MB.

Unloading 33 unused Assets to reduce memory usage. Loaded Objects now: 3696.
Total: 3.733300 ms (FindLiveObjects: 0.442500 ms CreateObjectMapping: 0.262700 ms MarkObjects: 2.861500 ms  DeleteObjects: 0.164500 ms)

========================================================================
Received Import Request.
  path: Assets/Scripts/SceneChanger.cs
  artifactKey: Guid(685b4a858a633744ebce08c0291dce4e) Importer(815301076,1909f56bfc062723c751e8b465ee728b)
Start importing Assets/Scripts/SceneChanger.cs using Guid(685b4a858a633744ebce08c0291dce4e) Importer(815301076,1909f56bfc062723c751e8b465ee728b)  -> (artifact id: 'fc1dfbe910d721594b73a4bd78ff1c67') in 0.049668 seconds
  Import took 0.056688 seconds .

========================================================================
Received Prepare
Registering precompiled user dll's ...
Registered in 0.006663 seconds.
Begin MonoManager ReloadAssembly
Native extension for WindowsStandalone target not found
Refreshing native plugins compatible for Editor in 0.75 ms, found 3 plugins.
Preloading 0 native plugins for Editor in 0.00 ms.
Mono: successfully reloaded assembly
- Completed reload, in  1.554 seconds
Platform modules already initialized, skipping
Shader 'Universal Render Pipeline/Particles/Lit': fallback shader 'Universal Render Pipeline/Particles/SimpleLit' not found
Refreshing native plugins compatible for Editor in 0.70 ms, found 3 plugins.
Preloading 0 native plugins for Editor in 0.00 ms.
Unloading 3120 Unused Serialized files (Serialized files now loaded: 0)
System memory in use before: 147.0 MB.
System memory in use after: 147.1 MB.

Unloading 22 unused Assets to reduce memory usage. Loaded Objects now: 3700.
Total: 3.021300 ms (FindLiveObjects: 0.339700 ms CreateObjectMapping: 0.184400 ms MarkObjects: 2.372800 ms  DeleteObjects: 0.123000 ms)

========================================================================
Received Import Request.
  Time since last request: 260.001064 seconds.
  path: Assets/Scripts/GameOverChanger.cs
  artifactKey: Guid(a6a8e31c3e05c7d4bb4247ad9b9b61c0) Importer(815301076,1909f56bfc062723c751e8b465ee728b)
Start importing Assets/Scripts/GameOverChanger.cs using Guid(a6a8e31c3e05c7d4bb4247ad9b9b61c0) Importer(815301076,1909f56bfc062723c751e8b465ee728b)  -> (artifact id: '0f97b9d256a271443f182f4792743933') in 0.013209 seconds
  Import took 0.586779 seconds .

========================================================================
Received Prepare
Registering precompiled user dll's ...
Registered in 0.006916 seconds.
Begin MonoManager ReloadAssembly
Native extension for WindowsStandalone target not found
Refreshing native plugins compatible for Editor in 0.71 ms, found 3 plugins.
Preloading 0 native plugins for Editor in 0.00 ms.
Mono: successfully reloaded assembly
- Completed reload, in  1.266 seconds
Platform modules already initialized, skipping
Shader 'Universal Render Pipeline/Particles/Lit': fallback shader 'Universal Render Pipeline/Particles/SimpleLit' not found
Refreshing native plugins compatible for Editor in 0.69 ms, found 3 plugins.
Preloading 0 native plugins for Editor in 0.00 ms.
Unloading 3120 Unused Serialized files (Serialized files now loaded: 0)
System memory in use before: 147.0 MB.
System memory in use after: 147.1 MB.

Unloading 22 unused Assets to reduce memory usage. Loaded Objects now: 3704.
Total: 3.314400 ms (FindLiveObjects: 0.340300 ms CreateObjectMapping: 0.192400 ms MarkObjects: 2.652800 ms  DeleteObjects: 0.127800 ms)

========================================================================
Received Import Request.
  Time since last request: 54.228082 seconds.
  path: Assets/Scenes/GameOver.unity
  artifactKey: Guid(e00a98b978c46944187e618faa4e1f93) Importer(815301076,1909f56bfc062723c751e8b465ee728b)
Start importing Assets/Scenes/GameOver.unity using Guid(e00a98b978c46944187e618faa4e1f93) Importer(815301076,1909f56bfc062723c751e8b465ee728b)  -> (artifact id: '70ea6dafca6328d69e399897d1e1b86c') in 0.031478 seconds
  Import took 0.038383 seconds .

========================================================================
Received Import Request.
  Time since last request: 22.078508 seconds.
  path: Assets/Scenes/Menu.unity
  artifactKey: Guid(4262518d2b8563847a4528efbeb8d1da) Importer(815301076,1909f56bfc062723c751e8b465ee728b)
Start importing Assets/Scenes/Menu.unity using Guid(4262518d2b8563847a4528efbeb8d1da) Importer(815301076,1909f56bfc062723c751e8b465ee728b)  -> (artifact id: '068e92fe18c1a342b26e10c41c844418') in 0.010117 seconds
  Import took 0.016819 seconds .

========================================================================
Received Prepare
Registering precompiled user dll's ...
Registered in 0.359362 seconds.
Begin MonoManager ReloadAssembly
Native extension for WindowsStandalone target not found
Refreshing native plugins compatible for Editor in 0.82 ms, found 3 plugins.
Preloading 0 native plugins for Editor in 0.00 ms.
Mono: successfully reloaded assembly
- Completed reload, in  1.285 seconds
Platform modules already initialized, skipping
Shader 'Universal Render Pipeline/Particles/Lit': fallback shader 'Universal Render Pipeline/Particles/SimpleLit' not found
Refreshing native plugins compatible for Editor in 0.74 ms, found 3 plugins.
Preloading 0 native plugins for Editor in 0.00 ms.
Unloading 3120 Unused Serialized files (Serialized files now loaded: 0)
System memory in use before: 147.1 MB.
System memory in use after: 147.2 MB.

Unloading 22 unused Assets to reduce memory usage. Loaded Objects now: 3708.
Total: 3.136400 ms (FindLiveObjects: 0.351400 ms CreateObjectMapping: 0.188800 ms MarkObjects: 2.465800 ms  DeleteObjects: 0.129200 ms)

========================================================================
Received Prepare
Shader 'Universal Render Pipeline/Particles/Lit': fallback shader 'Universal Render Pipeline/Particles/SimpleLit' not found
Refreshing native plugins compatible for Editor in 5.45 ms, found 3 plugins.
Preloading 0 native plugins for Editor in 0.00 ms.
Unloading 20 Unused Serialized files (Serialized files now loaded: 0)
System memory in use before: 85.9 MB.
System memory in use after: 86.0 MB.

Unloading 20 unused Assets to reduce memory usage. Loaded Objects now: 3708.
Total: 3.802700 ms (FindLiveObjects: 0.433900 ms CreateObjectMapping: 0.274000 ms MarkObjects: 2.936200 ms  DeleteObjects: 0.157000 ms)

========================================================================
Received Prepare
Registering precompiled user dll's ...
Registered in 0.005810 seconds.
Begin MonoManager ReloadAssembly
Native extension for WindowsStandalone target not found
Refreshing native plugins compatible for Editor in 0.74 ms, found 3 plugins.
Preloading 0 native plugins for Editor in 0.00 ms.
Mono: successfully reloaded assembly
- Completed reload, in  1.378 seconds
Platform modules already initialized, skipping
Switching build target platform(19) subTarget(0) extendedPlatform(0) -> platform(13) subTarget(537395200) extendedPlatform(0)
Shader 'Universal Render Pipeline/Particles/Lit': fallback shader 'Universal Render Pipeline/Particles/SimpleLit' not found
Refreshing native plugins compatible for Editor in 0.71 ms, found 3 plugins.
Preloading 0 native plugins for Editor in 0.00 ms.
Unloading 3124 Unused Serialized files (Serialized files now loaded: 0)
System memory in use before: 145.3 MB.
System memory in use after: 145.4 MB.

Unloading 22 unused Assets to reduce memory usage. Loaded Objects now: 3712.
Total: 3.415000 ms (FindLiveObjects: 0.383800 ms CreateObjectMapping: 0.225100 ms MarkObjects: 2.669400 ms  DeleteObjects: 0.135100 ms)

AssetImportParameters requested are different than current active one (requested -> active):
  custom:graphics/normal-map-encoding: 01000000000000000000000000000000 -> 02000000000000000000000000000000
========================================================================
Received Prepare
Shader 'Universal Render Pipeline/Particles/Lit': fallback shader 'Universal Render Pipeline/Particles/SimpleLit' not found
Refreshing native plugins compatible for Editor in 5.53 ms, found 3 plugins.
Preloading 0 native plugins for Editor in 0.00 ms.
Unloading 20 Unused Serialized files (Serialized files now loaded: 0)
System memory in use before: 84.2 MB.
System memory in use after: 84.3 MB.

Unloading 20 unused Assets to reduce memory usage. Loaded Objects now: 3712.
Total: 3.346400 ms (FindLiveObjects: 0.350500 ms CreateObjectMapping: 0.212800 ms MarkObjects: 2.631400 ms  DeleteObjects: 0.150700 ms)

========================================================================
Received Prepare
Shader 'Universal Render Pipeline/Particles/Lit': fallback shader 'Universal Render Pipeline/Particles/SimpleLit' not found
Refreshing native plugins compatible for Editor in 6.91 ms, found 3 plugins.
Preloading 0 native plugins for Editor in 0.00 ms.
Unloading 20 Unused Serialized files (Serialized files now loaded: 0)
System memory in use before: 84.2 MB.
System memory in use after: 84.3 MB.

Unloading 20 unused Assets to reduce memory usage. Loaded Objects now: 3712.
Total: 4.878800 ms (FindLiveObjects: 0.622900 ms CreateObjectMapping: 0.396200 ms MarkObjects: 3.719100 ms  DeleteObjects: 0.138700 ms)

========================================================================
Received Prepare
Shader 'Universal Render Pipeline/Particles/Lit': fallback shader 'Universal Render Pipeline/Particles/SimpleLit' not found
Refreshing native plugins compatible for Editor in 4.87 ms, found 3 plugins.
Preloading 0 native plugins for Editor in 0.00 ms.
Unloading 20 Unused Serialized files (Serialized files now loaded: 0)
System memory in use before: 84.2 MB.
System memory in use after: 84.3 MB.

Unloading 20 unused Assets to reduce memory usage. Loaded Objects now: 3712.
Total: 3.061500 ms (FindLiveObjects: 0.338700 ms CreateObjectMapping: 0.201200 ms MarkObjects: 2.400800 ms  DeleteObjects: 0.119800 ms)

========================================================================
Received Prepare
Registering precompiled user dll's ...
Registered in 0.006001 seconds.
Begin MonoManager ReloadAssembly
Native extension for WindowsStandalone target not found
Refreshing native plugins compatible for Editor in 0.69 ms, found 3 plugins.
Preloading 0 native plugins for Editor in 0.00 ms.
Mono: successfully reloaded assembly
- Completed reload, in  1.336 seconds
Platform modules already initialized, skipping
Shader 'Universal Render Pipeline/Particles/Lit': fallback shader 'Universal Render Pipeline/Particles/SimpleLit' not found
Refreshing native plugins compatible for Editor in 0.73 ms, found 3 plugins.
Preloading 0 native plugins for Editor in 0.00 ms.
Unloading 3120 Unused Serialized files (Serialized files now loaded: 0)
System memory in use before: 147.1 MB.
System memory in use after: 147.2 MB.

Unloading 22 unused Assets to reduce memory usage. Loaded Objects now: 3716.
Total: 3.610000 ms (FindLiveObjects: 0.648100 ms CreateObjectMapping: 0.246900 ms MarkObjects: 2.576800 ms  DeleteObjects: 0.136700 ms)

========================================================================
Received Prepare
Shader 'Universal Render Pipeline/Particles/Lit': fallback shader 'Universal Render Pipeline/Particles/SimpleLit' not found
Refreshing native plugins compatible for Editor in 5.11 ms, found 3 plugins.
Preloading 0 native plugins for Editor in 0.00 ms.
Unloading 20 Unused Serialized files (Serialized files now loaded: 0)
System memory in use before: 86.0 MB.
System memory in use after: 86.1 MB.

Unloading 20 unused Assets to reduce memory usage. Loaded Objects now: 3716.
Total: 3.293600 ms (FindLiveObjects: 0.327200 ms CreateObjectMapping: 0.222700 ms MarkObjects: 2.608300 ms  DeleteObjects: 0.134300 ms)

AssetImportWorkerClient::OnTransportError - code=2 error=End of file
